<?xml version="1.0" encoding="UTF-8"?>
<!-- Generated by org.testng.reporters.JUnitReportReporter -->
<testsuite hostname="LAPTOP-92EUTB0V" failures="0" tests="1" name="MobileElementScenarios.SwipeGesture" time="12.163" errors="0" timestamp="2024-08-11T20:17:26 IST" skipped="0">
  <testcase classname="MobileElementScenarios.SwipeGesture" name="testSwipe" time="12.163"/>
  <system-out/>
</testsuite> <!-- MobileElementScenarios.SwipeGesture -->
