<?xml version="1.0" encoding="UTF-8"?>
<!-- Generated by org.testng.reporters.JUnitReportReporter -->
<testsuite hostname="LAPTOP-92EUTB0V" failures="0" tests="1" name="AppiumScenarios.Lock_Unlock_Rotate" time="25.379" errors="0" timestamp="2024-08-12T12:10:29 IST" skipped="0">
  <testcase classname="AppiumScenarios.Lock_Unlock_Rotate" name="TestDeviceFunctions" time="25.379"/>
  <system-out/>
</testsuite> <!-- AppiumScenarios.Lock_Unlock_Rotate -->
