<?xml version="1.0" encoding="UTF-8"?>
<!-- Generated by org.testng.reporters.JUnitReportReporter -->
<testsuite hostname="LAPTOP-92EUTB0V" failures="0" tests="1" name="DriverSession.SessionWithUIAutomator2Option" time="27.243" errors="0" timestamp="2024-08-12T13:24:04 IST" skipped="0">
  <testcase classname="DriverSession.SessionWithUIAutomator2Option" name="createDriverSession" time="27.243"/>
  <system-out/>
</testsuite> <!-- DriverSession.SessionWithUIAutomator2Option -->
