<?xml version="1.0" encoding="UTF-8"?>
<!-- Generated by org.testng.reporters.JUnitReportReporter -->
<testsuite hostname="LAPTOP-92EUTB0V" failures="0" tests="1" name="AppiumScenarios.ToggleNetworkSetup" time="32.831" errors="0" timestamp="2024-08-11T23:18:01 IST" skipped="0">
  <testcase classname="AppiumScenarios.ToggleNetworkSetup" name="testToggleSetup" time="32.831"/>
  <system-out/>
</testsuite> <!-- AppiumScenarios.ToggleNetworkSetup -->
