<?xml version="1.0" encoding="UTF-8"?>
<!-- Generated by org.testng.reporters.JUnitReportReporter -->
<testsuite hostname="LAPTOP-92EUTB0V" failures="0" tests="1" name="MobileElementScenarios.AllertsInAppium" time="13.368" errors="0" timestamp="2024-08-11T20:37:58 IST" skipped="0">
  <testcase classname="MobileElementScenarios.AllertsInAppium" name="testAllert" time="13.368"/>
  <system-out/>
</testsuite> <!-- MobileElementScenarios.AllertsInAppium -->
