<?xml version="1.0" encoding="UTF-8"?>
<!-- Generated by org.testng.reporters.JUnitReportReporter -->
<testsuite hostname="LAPTOP-92EUTB0V" failures="0" tests="1" name="MobileElementScenarios.DragGestureTest" time="13.368" errors="0" timestamp="2024-08-12T13:32:22 IST" skipped="0">
  <testcase classname="MobileElementScenarios.DragGestureTest" name="testDragGesture" time="13.368"/>
  <system-out/>
</testsuite> <!-- MobileElementScenarios.DragGestureTest -->
