<?xml version="1.0" encoding="UTF-8"?>
<!-- Generated by org.testng.reporters.JUnitReportReporter -->
<testsuite hostname="LAPTOP-92EUTB0V" failures="0" tests="1" name="DriverSession.FirstDriverSession" time="47.237" errors="0" timestamp="2024-08-08T13:12:25 IST" skipped="0">
  <testcase classname="DriverSession.FirstDriverSession" name="driverSessionTest" time="47.237"/>
  <system-out/>
</testsuite> <!-- DriverSession.FirstDriverSession -->
