<?xml version="1.0" encoding="UTF-8"?>
<!-- Generated by org.testng.reporters.JUnitReportReporter -->
<testsuite hostname="LAPTOP-92EUTB0V" failures="0" tests="1" name="AppiumScenarios.NotificationTesting" time="22.741" errors="0" timestamp="2024-08-11T22:52:57 IST" skipped="0">
  <testcase classname="AppiumScenarios.NotificationTesting" name="testNotificationsInAppium" time="22.741"/>
  <system-out/>
</testsuite> <!-- AppiumScenarios.NotificationTesting -->
