<?xml version="1.0" encoding="UTF-8"?>
<!-- Generated by org.testng.reporters.JUnitReportReporter -->
<testsuite hostname="LAPTOP-92EUTB0V" failures="0" tests="1" name="MobileElementScenarios.LongClickGesture" time="19.176" errors="0" timestamp="2024-08-11T11:17:17 IST" skipped="0">
  <testcase classname="MobileElementScenarios.LongClickGesture" name="longClickTest" time="19.176"/>
  <system-out/>
</testsuite> <!-- MobileElementScenarios.LongClickGesture -->
