<?xml version="1.0" encoding="UTF-8"?>
<!-- Generated by org.testng.reporters.JUnitReportReporter -->
<testsuite hostname="LAPTOP-92EUTB0V" failures="0" tests="1" name="MobileElementScenarios.ScrollGesture" time="28.837" errors="0" timestamp="2024-08-12T13:34:25 IST" skipped="0">
  <testcase classname="MobileElementScenarios.ScrollGesture" name="scrollTest" time="28.837"/>
  <system-out/>
</testsuite> <!-- MobileElementScenarios.ScrollGesture -->
