<?xml version="1.0" encoding="UTF-8"?>
<!-- Generated by org.testng.reporters.JUnitReportReporter -->
<testsuite hostname="LAPTOP-92EUTB0V" failures="0" tests="1" name="AppiumScenarios.KeyboardActions" time="29.557" errors="0" timestamp="2024-08-11T21:54:13 IST" skipped="0">
  <testcase classname="AppiumScenarios.KeyboardActions" name="testKeyboardAction" time="29.557"/>
  <system-out/>
</testsuite> <!-- AppiumScenarios.KeyboardActions -->
