<?xml version="1.0" encoding="UTF-8"?>
<!-- Generated by org.testng.reporters.JUnitReportReporter -->
<testsuite hostname="LAPTOP-92EUTB0V" failures="0" tests="1" name="AppiumScenarios.TestPerformanceParameters" time="19.579" errors="0" timestamp="2024-08-12T11:23:34 IST" skipped="0">
  <testcase classname="AppiumScenarios.TestPerformanceParameters" name="deviceTest" time="19.579"/>
  <system-out/>
</testsuite> <!-- AppiumScenarios.TestPerformanceParameters -->
