<?xml version="1.0" encoding="UTF-8"?>
<!-- Generated by org.testng.reporters.JUnitReportReporter -->
<testsuite hostname="LAPTOP-92EUTB0V" failures="0" tests="1" name="AppiumScenarios.WorkingWithApplication" time="42.493" errors="0" timestamp="2024-08-12T13:29:55 IST" skipped="0">
  <testcase classname="AppiumScenarios.WorkingWithApplication" name="testApp" time="42.493"/>
  <system-out/>
</testsuite> <!-- AppiumScenarios.WorkingWithApplication -->
