<?xml version="1.0" encoding="UTF-8"?>
<!-- Generated by org.testng.reporters.JUnitReportReporter -->
<testsuite hostname="LAPTOP-92EUTB0V" failures="0" tests="1" name="MobileElementScenarios.LocatorsInAppium" time="37.489" errors="0" timestamp="2024-08-10T12:33:50 IST" skipped="0">
  <testcase classname="MobileElementScenarios.LocatorsInAppium" name="testMobileElements" time="37.489"/>
  <system-out/>
</testsuite> <!-- MobileElementScenarios.LocatorsInAppium -->
